<?xml version="1.0" encoding="UTF-8"?>
<!-- Generated by org.testng.reporters.JUnitReportReporter -->
<testsuite hostname="DESKTOP-N8HAT2R" name="cn.celloud.Case.Celloud_case" tests="1" failures="0" timestamp="5 Jan 2017 10:20:12 GMT" time="12.734" errors="0">
  <testcase name="login_case" time="12.734" classname="cn.celloud.Case.Celloud_case"/>
</testsuite> <!-- cn.celloud.Case.Celloud_case -->
